<?xml version="1.0" encoding="UTF-8"?>
<!-- Generated by org.testng.reporters.JUnitReportReporter -->
<testsuite hostname="LIN73000821" failures="0" tests="1" name="TestMaven.SeleniumPractice.App" time="8.178" errors="0" timestamp="2023-06-14T12:55:02 IST" skipped="0">
  <testcase classname="TestMaven.SeleniumPractice.App" name="getAttribute" time="8.178"/>
  <system-out/>
</testsuite> <!-- TestMaven.SeleniumPractice.App -->
