<?xml version="1.0" encoding="UTF-8"?>
<!-- Generated by org.testng.reporters.JUnitReportReporter -->
<testsuite hostname="LIN73000821" failures="0" tests="1" name="TestMaven.SeleniumPractice.Frm" time="10.489" errors="0" timestamp="2023-06-13T18:23:38 IST" skipped="0">
  <testcase classname="TestMaven.SeleniumPractice.Frm" name="fm" time="10.489"/>
  <system-out/>
</testsuite> <!-- TestMaven.SeleniumPractice.Frm -->
